<?xml version="1.0" encoding="UTF-8"?>
<testsuite xmlns:xsi="http://www.w3.org/2001/XMLSchema-instance" xsi:noNamespaceSchemaLocation="https://maven.apache.org/surefire/maven-surefire-plugin/xsd/surefire-test-report-3.0.xsd" version="3.0" name="com.dsa.PalindromeNumbersTest" time="0.045" tests="6" errors="0" skipped="0" failures="0">
  <properties>
[...]
</properties>
  <testcase name="testNumberIsPalindromeEfficiently(int, boolean)[1]" classname="com.dsa.PalindromeNumbersTest" time="0.015"/>
  <testcase name="testNumberIsPalindromeEfficiently(int, boolean)[2]" classname="com.dsa.PalindromeNumbersTest" time="0.001"/>
  <testcase name="testNumberIsPalindromeEfficiently(int, boolean)[3]" classname="com.dsa.PalindromeNumbersTest" time="0.001"/>
  <testcase name="testNumberIsPalindromeEfficiently(int, boolean)[4]" classname="com.dsa.PalindromeNumbersTest" time="0.001"/>
  <testcase name="testNumberIsPalindromeEfficiently(int, boolean)[5]" classname="com.dsa.PalindromeNumbersTest" time="0.001"/>
  <testcase name="testNumberIsPalindromeEfficiently(int, boolean)[6]" classname="com.dsa.PalindromeNumbersTest" time="0.001"/>
</testsuite>